{
  "C:\\Users\\olga_peredrii\\Work\\Sandbox\\React\\src\\components\\App.js": {
    "path": "C:\\Users\\olga_peredrii\\Work\\Sandbox\\React\\src\\components\\App.js",
    "statementMap": {
      "0": {
        "start": { "line": 12, "column": 27 },
        "end": { "line": 12, "column": 56 }
      },
      "1": {
        "start": { "line": 15, "column": 4 },
        "end": { "line": 23, "column": 6 }
      }
    },
    "fnMap": {
      "0": {
        "name": "(anonymous_0)",
        "decl": {
          "start": { "line": 12, "column": 13 },
          "end": { "line": 12, "column": 14 }
        },
        "loc": {
          "start": { "line": 12, "column": 27 },
          "end": { "line": 12, "column": 56 }
        },
        "line": 12
      },
      "1": {
        "name": "(anonymous_1)",
        "decl": {
          "start": { "line": 14, "column": 2 },
          "end": { "line": 14, "column": 3 }
        },
        "loc": {
          "start": { "line": 14, "column": 11 },
          "end": { "line": 24, "column": 3 }
        },
        "line": 14
      }
    },
    "branchMap": {},
    "s": { "0": 0, "1": 1 },
    "f": { "0": 0, "1": 1 },
    "b": {},
    "_coverageSchema": "43e27e138ebf9cfc5966b082cf9a028302ed4184",
    "hash": "4b74dd39b9e0cbe4ed5ac5b95cecd813057a20c3"
  },
  "C:\\Users\\olga_peredrii\\Work\\Sandbox\\React\\src\\components\\common\\Copyright.js": {
    "path": "C:\\Users\\olga_peredrii\\Work\\Sandbox\\React\\src\\components\\common\\Copyright.js",
    "statementMap": {
      "0": {
        "start": { "line": 3, "column": 18 },
        "end": { "line": 5, "column": 1 }
      },
      "1": {
        "start": { "line": 4, "column": 4 },
        "end": { "line": 4, "column": 70 }
      }
    },
    "fnMap": {
      "0": {
        "name": "(anonymous_0)",
        "decl": {
          "start": { "line": 3, "column": 18 },
          "end": { "line": 3, "column": 19 }
        },
        "loc": {
          "start": { "line": 4, "column": 4 },
          "end": { "line": 4, "column": 70 }
        },
        "line": 4
      }
    },
    "branchMap": {},
    "s": { "0": 4, "1": 1 },
    "f": { "0": 1 },
    "b": {},
    "_coverageSchema": "43e27e138ebf9cfc5966b082cf9a028302ed4184",
    "hash": "dddf0c44913ae0ad212487f76473da6cfc28fa45"
  },
  "C:\\Users\\olga_peredrii\\Work\\Sandbox\\React\\src\\components\\common\\ErrorBoundary.js": {
    "path": "C:\\Users\\olga_peredrii\\Work\\Sandbox\\React\\src\\components\\common\\ErrorBoundary.js",
    "statementMap": {
      "0": {
        "start": { "line": 7, "column": 8 },
        "end": { "line": 7, "column": 34 }
      },
      "1": {
        "start": { "line": 11, "column": 8 },
        "end": { "line": 13, "column": 9 }
      },
      "2": {
        "start": { "line": 12, "column": 12 },
        "end": { "line": 12, "column": 50 }
      },
      "3": {
        "start": { "line": 15, "column": 8 },
        "end": { "line": 15, "column": 35 }
      }
    },
    "fnMap": {
      "0": {
        "name": "(anonymous_0)",
        "decl": {
          "start": { "line": 6, "column": 4 },
          "end": { "line": 6, "column": 5 }
        },
        "loc": {
          "start": { "line": 6, "column": 43 },
          "end": { "line": 8, "column": 5 }
        },
        "line": 6
      },
      "1": {
        "name": "(anonymous_1)",
        "decl": {
          "start": { "line": 10, "column": 4 },
          "end": { "line": 10, "column": 5 }
        },
        "loc": {
          "start": { "line": 10, "column": 13 },
          "end": { "line": 16, "column": 5 }
        },
        "line": 10
      }
    },
    "branchMap": {
      "0": {
        "loc": {
          "start": { "line": 11, "column": 8 },
          "end": { "line": 13, "column": 9 }
        },
        "type": "if",
        "locations": [
          {
            "start": { "line": 11, "column": 8 },
            "end": { "line": 13, "column": 9 }
          },
          {
            "start": { "line": 11, "column": 8 },
            "end": { "line": 13, "column": 9 }
          }
        ],
        "line": 11
      }
    },
    "s": { "0": 0, "1": 0, "2": 0, "3": 0 },
    "f": { "0": 0, "1": 0 },
    "b": { "0": [0, 0] },
    "_coverageSchema": "43e27e138ebf9cfc5966b082cf9a028302ed4184",
    "hash": "d7e00f36b79398a44108bb3191ce197f6e846b36"
  },
  "C:\\Users\\olga_peredrii\\Work\\Sandbox\\React\\src\\components\\common\\Results.js": {
    "path": "C:\\Users\\olga_peredrii\\Work\\Sandbox\\React\\src\\components\\common\\Results.js",
    "statementMap": {
      "0": {
        "start": { "line": 4, "column": 16 },
        "end": { "line": 11, "column": 1 }
      },
      "1": {
        "start": { "line": 5, "column": 4 },
        "end": { "line": 10, "column": 10 }
      }
    },
    "fnMap": {
      "0": {
        "name": "(anonymous_0)",
        "decl": {
          "start": { "line": 4, "column": 16 },
          "end": { "line": 4, "column": 17 }
        },
        "loc": {
          "start": { "line": 5, "column": 4 },
          "end": { "line": 10, "column": 10 }
        },
        "line": 5
      }
    },
    "branchMap": {},
    "s": { "0": 3, "1": 1 },
    "f": { "0": 1 },
    "b": {},
    "_coverageSchema": "43e27e138ebf9cfc5966b082cf9a028302ed4184",
    "hash": "c6abc6a054e430616d013d1822bbac9e6351bb5e"
  },
  "C:\\Users\\olga_peredrii\\Work\\Sandbox\\React\\src\\components\\common\\Search.js": {
    "path": "C:\\Users\\olga_peredrii\\Work\\Sandbox\\React\\src\\components\\common\\Search.js",
    "statementMap": {
      "0": {
        "start": { "line": 9, "column": 15 },
        "end": { "line": 44, "column": 1 }
      },
      "1": {
        "start": { "line": 10, "column": 2 },
        "end": { "line": 43, "column": 8 }
      },
      "2": {
        "start": { "line": 16, "column": 34 },
        "end": { "line": 16, "column": 62 }
      },
      "3": {
        "start": { "line": 25, "column": 36 },
        "end": { "line": 25, "column": 76 }
      },
      "4": {
        "start": { "line": 41, "column": 29 },
        "end": { "line": 41, "column": 45 }
      }
    },
    "fnMap": {
      "0": {
        "name": "(anonymous_0)",
        "decl": {
          "start": { "line": 9, "column": 15 },
          "end": { "line": 9, "column": 16 }
        },
        "loc": {
          "start": { "line": 10, "column": 2 },
          "end": { "line": 43, "column": 8 }
        },
        "line": 10
      },
      "1": {
        "name": "(anonymous_1)",
        "decl": {
          "start": { "line": 16, "column": 18 },
          "end": { "line": 16, "column": 19 }
        },
        "loc": {
          "start": { "line": 16, "column": 34 },
          "end": { "line": 16, "column": 62 }
        },
        "line": 16
      },
      "2": {
        "name": "(anonymous_2)",
        "decl": {
          "start": { "line": 25, "column": 20 },
          "end": { "line": 25, "column": 21 }
        },
        "loc": {
          "start": { "line": 25, "column": 36 },
          "end": { "line": 25, "column": 76 }
        },
        "line": 25
      },
      "3": {
        "name": "(anonymous_3)",
        "decl": {
          "start": { "line": 41, "column": 23 },
          "end": { "line": 41, "column": 24 }
        },
        "loc": {
          "start": { "line": 41, "column": 29 },
          "end": { "line": 41, "column": 45 }
        },
        "line": 41
      }
    },
    "branchMap": {},
    "s": { "0": 3, "1": 2, "2": 0, "3": 0, "4": 0 },
    "f": { "0": 2, "1": 0, "2": 0, "3": 0 },
    "b": {},
    "_coverageSchema": "43e27e138ebf9cfc5966b082cf9a028302ed4184",
    "hash": "cb06cf54557a7ef20d2cce845d255d366ca6827a"
  },
  "C:\\Users\\olga_peredrii\\Work\\Sandbox\\React\\src\\components\\const\\const.js": {
    "path": "C:\\Users\\olga_peredrii\\Work\\Sandbox\\React\\src\\components\\const\\const.js",
    "statementMap": {
      "0": {
        "start": { "line": 1, "column": 14 },
        "end": { "line": 14, "column": 1 }
      },
      "1": {
        "start": { "line": 16, "column": 15 },
        "end": { "line": 52, "column": 1 }
      }
    },
    "fnMap": {},
    "branchMap": {},
    "s": { "0": 2, "1": 2 },
    "f": {},
    "b": {},
    "_coverageSchema": "43e27e138ebf9cfc5966b082cf9a028302ed4184",
    "hash": "d31faf56ae5a619a5f9036f4da89164db214122d"
  },
  "C:\\Users\\olga_peredrii\\Work\\Sandbox\\React\\src\\components\\footer\\Footer.js": {
    "path": "C:\\Users\\olga_peredrii\\Work\\Sandbox\\React\\src\\components\\footer\\Footer.js",
    "statementMap": {
      "0": {
        "start": { "line": 5, "column": 15 },
        "end": { "line": 9, "column": 1 }
      },
      "1": {
        "start": { "line": 6, "column": 4 },
        "end": { "line": 8, "column": 13 }
      }
    },
    "fnMap": {
      "0": {
        "name": "(anonymous_0)",
        "decl": {
          "start": { "line": 5, "column": 15 },
          "end": { "line": 5, "column": 16 }
        },
        "loc": {
          "start": { "line": 6, "column": 4 },
          "end": { "line": 8, "column": 13 }
        },
        "line": 6
      }
    },
    "branchMap": {},
    "s": { "0": 2, "1": 1 },
    "f": { "0": 1 },
    "b": {},
    "_coverageSchema": "43e27e138ebf9cfc5966b082cf9a028302ed4184",
    "hash": "414ba0cba51ed97dd61d71aa131bb513c77dc5e7"
  },
  "C:\\Users\\olga_peredrii\\Work\\Sandbox\\React\\src\\components\\header\\Header.js": {
    "path": "C:\\Users\\olga_peredrii\\Work\\Sandbox\\React\\src\\components\\header\\Header.js",
    "statementMap": {
      "0": {
        "start": { "line": 14, "column": 4 },
        "end": { "line": 14, "column": 47 }
      },
      "1": {
        "start": { "line": 18, "column": 4 },
        "end": { "line": 18, "column": 47 }
      },
      "2": {
        "start": { "line": 22, "column": 4 },
        "end": { "line": 22, "column": 45 }
      },
      "3": {
        "start": { "line": 26, "column": 4 },
        "end": { "line": 39, "column": 6 }
      }
    },
    "fnMap": {
      "0": {
        "name": "(anonymous_0)",
        "decl": {
          "start": { "line": 13, "column": 19 },
          "end": { "line": 13, "column": 20 }
        },
        "loc": {
          "start": { "line": 13, "column": 34 },
          "end": { "line": 15, "column": 3 }
        },
        "line": 13
      },
      "1": {
        "name": "(anonymous_1)",
        "decl": {
          "start": { "line": 17, "column": 13 },
          "end": { "line": 17, "column": 14 }
        },
        "loc": {
          "start": { "line": 17, "column": 19 },
          "end": { "line": 19, "column": 3 }
        },
        "line": 17
      },
      "2": {
        "name": "(anonymous_2)",
        "decl": {
          "start": { "line": 21, "column": 25 },
          "end": { "line": 21, "column": 26 }
        },
        "loc": {
          "start": { "line": 21, "column": 40 },
          "end": { "line": 23, "column": 3 }
        },
        "line": 21
      },
      "3": {
        "name": "(anonymous_3)",
        "decl": {
          "start": { "line": 25, "column": 2 },
          "end": { "line": 25, "column": 3 }
        },
        "loc": {
          "start": { "line": 25, "column": 11 },
          "end": { "line": 40, "column": 3 }
        },
        "line": 25
      }
    },
    "branchMap": {},
    "s": { "0": 0, "1": 0, "2": 0, "3": 1 },
    "f": { "0": 0, "1": 0, "2": 0, "3": 1 },
    "b": {},
    "_coverageSchema": "43e27e138ebf9cfc5966b082cf9a028302ed4184",
    "hash": "c7b2ca06eb13d2fdabb9fd02e6de99c2be59d731"
  },
  "C:\\Users\\olga_peredrii\\Work\\Sandbox\\React\\src\\components\\main-page\\MainPage.js": {
    "path": "C:\\Users\\olga_peredrii\\Work\\Sandbox\\React\\src\\components\\main-page\\MainPage.js",
    "statementMap": {
      "0": {
        "start": { "line": 12, "column": 4 },
        "end": { "line": 12, "column": 35 }
      },
      "1": {
        "start": { "line": 13, "column": 4 },
        "end": { "line": 28, "column": 6 }
      },
      "2": {
        "start": { "line": 17, "column": 27 },
        "end": { "line": 17, "column": 61 }
      },
      "3": {
        "start": { "line": 19, "column": 16 },
        "end": { "line": 24, "column": 18 }
      }
    },
    "fnMap": {
      "0": {
        "name": "(anonymous_0)",
        "decl": {
          "start": { "line": 11, "column": 2 },
          "end": { "line": 11, "column": 3 }
        },
        "loc": {
          "start": { "line": 11, "column": 11 },
          "end": { "line": 29, "column": 3 }
        },
        "line": 11
      },
      "1": {
        "name": "(anonymous_1)",
        "decl": {
          "start": { "line": 17, "column": 22 },
          "end": { "line": 17, "column": 23 }
        },
        "loc": {
          "start": { "line": 17, "column": 27 },
          "end": { "line": 17, "column": 61 }
        },
        "line": 17
      },
      "2": {
        "name": "(anonymous_2)",
        "decl": {
          "start": { "line": 18, "column": 19 },
          "end": { "line": 18, "column": 20 }
        },
        "loc": {
          "start": { "line": 19, "column": 16 },
          "end": { "line": 24, "column": 18 }
        },
        "line": 19
      }
    },
    "branchMap": {
      "0": {
        "loc": {
          "start": { "line": 15, "column": 9 },
          "end": { "line": 26, "column": 29 }
        },
        "type": "cond-expr",
        "locations": [
          {
            "start": { "line": 16, "column": 12 },
            "end": { "line": 25, "column": 16 }
          },
          {
            "start": { "line": 26, "column": 12 },
            "end": { "line": 26, "column": 29 }
          }
        ],
        "line": 15
      }
    },
    "s": { "0": 1, "1": 1, "2": 7, "3": 0 },
    "f": { "0": 1, "1": 7, "2": 0 },
    "b": { "0": [1, 0] },
    "_coverageSchema": "43e27e138ebf9cfc5966b082cf9a028302ed4184",
    "hash": "f01c3524210fc9e01ed417819c7cdcf6b0240f4e"
  },
  "C:\\Users\\olga_peredrii\\Work\\Sandbox\\React\\src\\components\\movie-card\\MovieCard.js": {
    "path": "C:\\Users\\olga_peredrii\\Work\\Sandbox\\React\\src\\components\\movie-card\\MovieCard.js",
    "statementMap": {
      "0": {
        "start": { "line": 4, "column": 18 },
        "end": { "line": 13, "column": 1 }
      },
      "1": {
        "start": { "line": 5, "column": 4 },
        "end": { "line": 12, "column": 10 }
      }
    },
    "fnMap": {
      "0": {
        "name": "(anonymous_0)",
        "decl": {
          "start": { "line": 4, "column": 18 },
          "end": { "line": 4, "column": 19 }
        },
        "loc": {
          "start": { "line": 5, "column": 4 },
          "end": { "line": 12, "column": 10 }
        },
        "line": 5
      }
    },
    "branchMap": {},
    "s": { "0": 3, "1": 4 },
    "f": { "0": 4 },
    "b": {},
    "_coverageSchema": "43e27e138ebf9cfc5966b082cf9a028302ed4184",
    "hash": "86758a94da7dd0db217e6c47fa7f00995a836f5d"
  },
  "C:\\Users\\olga_peredrii\\Work\\Sandbox\\React\\src\\components\\movie-details\\MovieDetails.js": {
    "path": "C:\\Users\\olga_peredrii\\Work\\Sandbox\\React\\src\\components\\movie-details\\MovieDetails.js",
    "statementMap": {
      "0": {
        "start": { "line": 7, "column": 26 },
        "end": { "line": 7, "column": 36 }
      },
      "1": {
        "start": { "line": 8, "column": 8 },
        "end": { "line": 25, "column": 10 }
      }
    },
    "fnMap": {
      "0": {
        "name": "(anonymous_0)",
        "decl": {
          "start": { "line": 6, "column": 4 },
          "end": { "line": 6, "column": 5 }
        },
        "loc": {
          "start": { "line": 6, "column": 13 },
          "end": { "line": 26, "column": 5 }
        },
        "line": 6
      }
    },
    "branchMap": {},
    "s": { "0": 2, "1": 2 },
    "f": { "0": 2 },
    "b": {},
    "_coverageSchema": "43e27e138ebf9cfc5966b082cf9a028302ed4184",
    "hash": "74385485a3ef4afaed8e2efeb320ec923442d60f"
  }
}
