TN:
SF:C:\Users\olga_peredrii\Work\Sandbox\React\src\components\App.js
FN:12,(anonymous_0)
FN:14,(anonymous_1)
FNF:2
FNH:1
FNDA:0,(anonymous_0)
FNDA:1,(anonymous_1)
DA:12,0
DA:15,1
LF:2
LH:1
BRF:0
BRH:0
end_of_record
TN:
SF:C:\Users\olga_peredrii\Work\Sandbox\React\src\components\common\Copyright.js
FN:3,(anonymous_0)
FNF:1
FNH:1
FNDA:1,(anonymous_0)
DA:3,4
DA:4,1
LF:2
LH:2
BRF:0
BRH:0
end_of_record
TN:
SF:C:\Users\olga_peredrii\Work\Sandbox\React\src\components\common\ErrorBoundary.js
FN:6,(anonymous_0)
FN:10,(anonymous_1)
FNF:2
FNH:0
FNDA:0,(anonymous_0)
FNDA:0,(anonymous_1)
DA:7,0
DA:11,0
DA:12,0
DA:15,0
LF:4
LH:0
BRDA:11,0,0,0
BRDA:11,0,1,0
BRF:2
BRH:0
end_of_record
TN:
SF:C:\Users\olga_peredrii\Work\Sandbox\React\src\components\common\Results.js
FN:4,(anonymous_0)
FNF:1
FNH:1
FNDA:1,(anonymous_0)
DA:4,3
DA:5,1
LF:2
LH:2
BRF:0
BRH:0
end_of_record
TN:
SF:C:\Users\olga_peredrii\Work\Sandbox\React\src\components\common\Search.js
FN:9,(anonymous_0)
FN:16,(anonymous_1)
FN:25,(anonymous_2)
FN:41,(anonymous_3)
FNF:4
FNH:1
FNDA:2,(anonymous_0)
FNDA:0,(anonymous_1)
FNDA:0,(anonymous_2)
FNDA:0,(anonymous_3)
DA:9,3
DA:10,2
DA:16,0
DA:25,0
DA:41,0
LF:5
LH:2
BRF:0
BRH:0
end_of_record
TN:
SF:C:\Users\olga_peredrii\Work\Sandbox\React\src\components\const\const.js
FNF:0
FNH:0
DA:1,2
DA:16,2
LF:2
LH:2
BRF:0
BRH:0
end_of_record
TN:
SF:C:\Users\olga_peredrii\Work\Sandbox\React\src\components\footer\Footer.js
FN:5,(anonymous_0)
FNF:1
FNH:1
FNDA:1,(anonymous_0)
DA:5,2
DA:6,1
LF:2
LH:2
BRF:0
BRH:0
end_of_record
TN:
SF:C:\Users\olga_peredrii\Work\Sandbox\React\src\components\header\Header.js
FN:13,(anonymous_0)
FN:17,(anonymous_1)
FN:21,(anonymous_2)
FN:25,(anonymous_3)
FNF:4
FNH:1
FNDA:0,(anonymous_0)
FNDA:0,(anonymous_1)
FNDA:0,(anonymous_2)
FNDA:1,(anonymous_3)
DA:14,0
DA:18,0
DA:22,0
DA:26,1
LF:4
LH:1
BRF:0
BRH:0
end_of_record
TN:
SF:C:\Users\olga_peredrii\Work\Sandbox\React\src\components\main-page\MainPage.js
FN:11,(anonymous_0)
FN:17,(anonymous_1)
FN:18,(anonymous_2)
FNF:3
FNH:2
FNDA:1,(anonymous_0)
FNDA:7,(anonymous_1)
FNDA:0,(anonymous_2)
DA:12,1
DA:13,1
DA:17,7
DA:19,0
LF:4
LH:3
BRDA:15,0,0,1
BRDA:15,0,1,0
BRF:2
BRH:1
end_of_record
TN:
SF:C:\Users\olga_peredrii\Work\Sandbox\React\src\components\movie-card\MovieCard.js
FN:4,(anonymous_0)
FNF:1
FNH:1
FNDA:4,(anonymous_0)
DA:4,3
DA:5,4
LF:2
LH:2
BRF:0
BRH:0
end_of_record
TN:
SF:C:\Users\olga_peredrii\Work\Sandbox\React\src\components\movie-details\MovieDetails.js
FN:6,(anonymous_0)
FNF:1
FNH:1
FNDA:2,(anonymous_0)
DA:7,2
DA:8,2
LF:2
LH:2
BRF:0
BRH:0
end_of_record
